0 info it worked if it ends with ok
1 verbose cli [ '/Users/paige/.nvm/versions/node/v4.2.4/bin/node',
1 verbose cli   '/Users/paige/.nvm/versions/node/v4.2.4/bin/npm',
1 verbose cli   'start' ]
2 info using npm@3.10.5
3 info using node@v4.2.4
4 verbose run-script [ 'prestart', 'start', 'poststart' ]
5 info lifecycle emocha-challenge@1.0.0~prestart: emocha-challenge@1.0.0
6 silly lifecycle emocha-challenge@1.0.0~prestart: no script for prestart, continuing
7 info lifecycle emocha-challenge@1.0.0~start: emocha-challenge@1.0.0
8 verbose lifecycle emocha-challenge@1.0.0~start: unsafe-perm in lifecycle true
9 verbose lifecycle emocha-challenge@1.0.0~start: PATH: /Users/paige/.nvm/versions/node/v4.2.4/lib/node_modules/npm/bin/node-gyp-bin:/Users/paige/emochaCodeChallenge/node_modules/.bin:/Users/paige/.nvm/versions/node/v4.2.4/bin:/Users/paige/.rbenv/shims:/Users/paige/.rvm/gems/ruby-2.2.1/bin:/Users/paige/.rvm/gems/ruby-2.2.1@global/bin:/Users/paige/.rvm/rubies/ruby-2.2.1/bin:/Users/paige/.nvm/versions/node/v4.2.4/bin:/Library/Frameworks/Python.framework/Versions/2.7/bin:/opt/local/bin:/opt/local/sbin:/usr/local/bin:/usr/bin:/bin:/usr/sbin:/sbin:/Users/paige/.rvm/bin
10 verbose lifecycle emocha-challenge@1.0.0~start: CWD: /Users/paige/emochaCodeChallenge
11 silly lifecycle emocha-challenge@1.0.0~start: Args: [ '-c', 'tsc && concurrently "tsc -w" "lite-server" ' ]
12 silly lifecycle emocha-challenge@1.0.0~start: Returned: code: 2  signal: null
13 info lifecycle emocha-challenge@1.0.0~start: Failed to exec start script
14 verbose stack Error: emocha-challenge@1.0.0 start: `tsc && concurrently "tsc -w" "lite-server" `
14 verbose stack Exit status 2
14 verbose stack     at EventEmitter.<anonymous> (/Users/paige/.nvm/versions/node/v4.2.4/lib/node_modules/npm/lib/utils/lifecycle.js:242:16)
14 verbose stack     at emitTwo (events.js:87:13)
14 verbose stack     at EventEmitter.emit (events.js:172:7)
14 verbose stack     at ChildProcess.<anonymous> (/Users/paige/.nvm/versions/node/v4.2.4/lib/node_modules/npm/lib/utils/spawn.js:40:14)
14 verbose stack     at emitTwo (events.js:87:13)
14 verbose stack     at ChildProcess.emit (events.js:172:7)
14 verbose stack     at maybeClose (internal/child_process.js:818:16)
14 verbose stack     at Process.ChildProcess._handle.onexit (internal/child_process.js:211:5)
15 verbose pkgid emocha-challenge@1.0.0
16 verbose cwd /Users/paige/emochaCodeChallenge
17 error Darwin 16.0.0
18 error argv "/Users/paige/.nvm/versions/node/v4.2.4/bin/node" "/Users/paige/.nvm/versions/node/v4.2.4/bin/npm" "start"
19 error node v4.2.4
20 error npm  v3.10.5
21 error code ELIFECYCLE
22 error emocha-challenge@1.0.0 start: `tsc && concurrently "tsc -w" "lite-server" `
22 error Exit status 2
23 error Failed at the emocha-challenge@1.0.0 start script 'tsc && concurrently "tsc -w" "lite-server" '.
23 error Make sure you have the latest version of node.js and npm installed.
23 error If you do, this is most likely a problem with the emocha-challenge package,
23 error not with npm itself.
23 error Tell the author that this fails on your system:
23 error     tsc && concurrently "tsc -w" "lite-server"
23 error You can get information on how to open an issue for this project with:
23 error     npm bugs emocha-challenge
23 error Or if that isn't available, you can get their info via:
23 error     npm owner ls emocha-challenge
23 error There is likely additional logging output above.
24 verbose exit [ 1, true ]
